2025-04-25 22:15:22,554 - housing_scraper - WARNING - éªŒè¯å¤±è´¥æˆ–ç”¨æˆ·é€‰æ‹©è·³è¿‡ï¼Œç»§ç»­ä¸‹ä¸€é¡?
2025-04-25 22:15:22,554 - housing_scraper - INFO - 58åŒåŸçˆ¬å–å®Œæˆï¼Œå…±è·å– 0 æ¡secondæ•°æ®
2025-04-25 22:16:13,400 - housing_scraper - INFO - è‡ªåŠ¨éªŒè¯åŠŸèƒ½å·²å¯ç”?
2025-04-25 22:16:34,333 - housing_scraper - INFO - å¼€å§‹çˆ¬å–å®‰å±…å®¢-äºŒæ‰‹æˆ¿ï¼ŒåŸå¸‚: åŒ—äº¬
2025-04-25 22:16:34,333 - housing_scraper - INFO - ç­›é€‰æ¡ä»? å§å®¤æ•? 1, å®¢å…æ•? 1, å»ºç­‘å¹´ä»½: 2019
2025-04-25 22:16:34,334 - housing_scraper - INFO - å®‰å±…å®¢çˆ¬å–åŠŸèƒ½å°šæœªå®Œå…¨å®ç°ï¼Œå°†åœ¨åç»­ç‰ˆæœ¬ä¸­æ”¯æŒ?
2025-04-25 22:16:34,334 - housing_scraper - INFO - å®‰å±…å®¢çˆ¬å–æ¨¡æ‹Ÿå®Œæˆï¼Œæ·»åŠ äº?æ¡æµ‹è¯•æ•°æ?
2025-04-25 22:16:34,370 - housing_scraper - INFO - æ•°æ®å·²ä¿å­˜åˆ° output_data/house_data_20250425_221634.xlsx
2025-04-25 22:20:13,048 - housing_scraper - INFO - è‡ªåŠ¨éªŒè¯åŠŸèƒ½å·²å¯ç”?
2025-04-25 22:20:30,820 - housing_scraper - INFO - å¼€å§‹çˆ¬å–å®‰å±…å®¢-äºŒæ‰‹æˆ¿ï¼ŒåŸå¸‚: åŒ—äº¬
2025-04-25 22:20:30,821 - housing_scraper - INFO - ç­›é€‰æ¡ä»? å§å®¤æ•? 1, å®¢å…æ•? 1, å»ºç­‘å¹´ä»½: 2019
2025-04-25 22:20:30,821 - housing_scraper - INFO - å®‰å±…å®¢çˆ¬å–åŠŸèƒ½å°šæœªå®Œå…¨å®ç°ï¼Œå°†åœ¨åç»­ç‰ˆæœ¬ä¸­æ”¯æŒ?
2025-04-25 22:20:30,821 - housing_scraper - INFO - å®‰å±…å®¢çˆ¬å–æ¨¡æ‹Ÿå®Œæˆï¼Œæ·»åŠ äº?æ¡æµ‹è¯•æ•°æ?
2025-04-25 22:20:30,833 - housing_scraper - INFO - å¼€å§‹çˆ¬å–è´å£³æ‰¾æˆ?äºŒæ‰‹æˆ¿ï¼ŒåŸå¸‚: åŒ—äº¬
2025-04-25 22:20:30,834 - housing_scraper - INFO - ç­›é€‰æ¡ä»? å§å®¤æ•? 1, å®¢å…æ•? 1, å»ºç­‘å¹´ä»½: 2019
2025-04-25 22:20:30,834 - housing_scraper - INFO - è´å£³æ‰¾æˆ¿çˆ¬å–åŠŸèƒ½å°šæœªå®Œå…¨å®ç°ï¼Œå°†åœ¨åç»­ç‰ˆæœ¬ä¸­æ”¯æŒ
2025-04-25 22:20:30,835 - housing_scraper - INFO - è´å£³æ‰¾æˆ¿çˆ¬å–æ¨¡æ‹Ÿå®Œæˆï¼Œæ·»åŠ äº†3æ¡æµ‹è¯•æ•°æ?
2025-04-25 22:20:30,841 - housing_scraper - INFO - å¼€å§‹çˆ¬å–é“¾å®?äºŒæ‰‹æˆ¿ï¼ŒåŸå¸‚: åŒ—äº¬
2025-04-25 22:20:30,841 - housing_scraper - INFO - ç­›é€‰æ¡ä»? å§å®¤æ•? 1, å®¢å…æ•? 1, å»ºç­‘å¹´ä»½: 2019
2025-04-25 22:20:30,841 - housing_scraper - INFO - é“¾å®¶çˆ¬å–åŠŸèƒ½å°šæœªå®Œå…¨å®ç°ï¼Œå°†åœ¨åç»­ç‰ˆæœ¬ä¸­æ”¯æŒ
2025-04-25 22:20:30,842 - housing_scraper - INFO - é“¾å®¶çˆ¬å–æ¨¡æ‹Ÿå®Œæˆï¼Œæ·»åŠ äº†3æ¡æµ‹è¯•æ•°æ?
2025-04-25 22:20:30,880 - housing_scraper - INFO - æ•°æ®å·²ä¿å­˜åˆ° output_data/house_data_20250425_222030.xlsx
2025-04-25 22:21:49,619 - housing_scraper - INFO - è‡ªåŠ¨éªŒè¯åŠŸèƒ½å·²å¯ç”?
2025-04-25 22:28:17,240 - housing_scraper - INFO - è‡ªåŠ¨éªŒè¯åŠŸèƒ½å·²å¯ç”?
2025-04-25 22:29:56,497 - housing_scraper - INFO - è‡ªåŠ¨éªŒè¯åŠŸèƒ½å·²å¯ç”?
2025-04-25 22:30:37,687 - housing_scraper - INFO - å¼€å§‹çˆ¬å?8åŒåŸ-secondï¼ŒåŸå¸? zz
2025-04-25 22:30:37,687 - housing_scraper - INFO - ç­›é€‰æ¡ä»? å§å®¤æ•? 1, å®¢å…æ•? 1, å»ºç­‘å¹´ä»½: 2019
2025-04-25 22:30:37,687 - housing_scraper - INFO - çˆ¬å–é¡µé¢: 1/2, URL: https://zz.58.com/ershoufang/
2025-04-25 22:30:42,529 - housing_scraper - INFO - æ£€æµ‹åˆ°58åŒåŸéªŒè¯å…³é”®è¯? è¯·è¾“å…¥éªŒè¯ç 
2025-04-25 22:30:42,529 - housing_scraper - WARNING - æ£€æµ‹åˆ°éœ€è¦éªŒè¯?
2025-04-25 22:30:42,530 - housing_scraper - INFO - éªŒè¯å°è¯•æ¬¡æ•°: 1/3
2025-04-25 22:30:44,426 - housing_scraper - WARNING - éªŒè¯å¤±è´¥æˆ–ç”¨æˆ·é€‰æ‹©è·³è¿‡ï¼Œç»§ç»­ä¸‹ä¸€é¡?
2025-04-25 22:30:44,426 - housing_scraper - INFO - çˆ¬å–é¡µé¢: 2/2, URL: https://zz.58.com/ershoufang/pn2/
2025-04-25 22:30:48,296 - housing_scraper - INFO - æ£€æµ‹åˆ°58åŒåŸéªŒè¯å…³é”®è¯? è¯·è¾“å…¥éªŒè¯ç 
2025-04-25 22:30:48,297 - housing_scraper - WARNING - æ£€æµ‹åˆ°éœ€è¦éªŒè¯?
2025-04-25 22:30:48,297 - housing_scraper - INFO - éªŒè¯å°è¯•æ¬¡æ•°: 2/3
2025-04-25 22:30:50,177 - housing_scraper - WARNING - éªŒè¯å¤±è´¥æˆ–ç”¨æˆ·é€‰æ‹©è·³è¿‡ï¼Œç»§ç»­ä¸‹ä¸€é¡?
2025-04-25 22:30:50,178 - housing_scraper - INFO - 58åŒåŸçˆ¬å–å®Œæˆï¼Œå…±è·å– 0 æ¡secondæ•°æ®
2025-04-25 22:30:50,198 - housing_scraper - INFO - å¼€å§‹çˆ¬å–å®‰å±…å®¢-äºŒæ‰‹æˆ¿ï¼ŒåŸå¸‚: éƒ‘å·
2025-04-25 22:30:50,198 - housing_scraper - INFO - ç­›é€‰æ¡ä»? å§å®¤æ•? 1, å®¢å…æ•? 1, å»ºç­‘å¹´ä»½: 2019
2025-04-25 22:30:50,198 - housing_scraper - INFO - çˆ¬å–é¡µé¢: 1/2, URL: https://zz.anjuke.com/sale/p1
2025-04-25 22:30:57,844 - housing_scraper - INFO - æ‰¾åˆ° 0 ä¸ªäºŒæ‰‹æˆ¿é¡¹ç›®
2025-04-25 22:30:57,844 - housing_scraper - WARNING - æœªæ‰¾åˆ°ä»»ä½•æˆ¿æºé¡¹ï¼Œå¯èƒ½æ˜¯è¢«åçˆ¬æˆ–éªŒè¯é¡µé¢
2025-04-25 22:30:57,850 - housing_scraper - INFO - å·²ä¿å­˜è°ƒè¯•é¡µé? debug_pages/anjuke_zz_äºŒæ‰‹æˆ¿_p1_20250425_223057.html
2025-04-25 22:30:57,850 - housing_scraper - INFO - çˆ¬å–é¡µé¢: 2/2, URL: https://zz.anjuke.com/sale/p2
2025-04-25 22:31:05,250 - housing_scraper - INFO - æ‰¾åˆ° 0 ä¸ªäºŒæ‰‹æˆ¿é¡¹ç›®
2025-04-25 22:31:05,250 - housing_scraper - WARNING - æœªæ‰¾åˆ°ä»»ä½•æˆ¿æºé¡¹ï¼Œå¯èƒ½æ˜¯è¢«åçˆ¬æˆ–éªŒè¯é¡µé¢
2025-04-25 22:31:05,254 - housing_scraper - INFO - å·²ä¿å­˜è°ƒè¯•é¡µé? debug_pages/anjuke_zz_äºŒæ‰‹æˆ¿_p2_20250425_223105.html
2025-04-25 22:31:05,254 - housing_scraper - INFO - å®‰å±…å®¢çˆ¬å–å®Œæˆï¼Œå…±è·å?0 æ¡äºŒæ‰‹æˆ¿æ•°æ®
2025-04-25 22:31:05,281 - housing_scraper - INFO - å¼€å§‹çˆ¬å–è´å£³æ‰¾æˆ?äºŒæ‰‹æˆ¿ï¼ŒåŸå¸‚: éƒ‘å·
2025-04-25 22:31:05,281 - housing_scraper - INFO - ç­›é€‰æ¡ä»? å§å®¤æ•? 1, å®¢å…æ•? 1, å»ºç­‘å¹´ä»½: 2019
2025-04-25 22:31:05,282 - housing_scraper - INFO - çˆ¬å–é¡µé¢: 1/2, URL: https://zz.ke.com/ershoufang/pg1/
2025-04-25 22:31:14,078 - housing_scraper - INFO - æ‰¾åˆ° 31 ä¸ªäºŒæ‰‹æˆ¿é¡¹ç›®
2025-04-25 22:31:23,098 - housing_scraper - INFO - æ£€æµ‹åˆ°éªŒè¯å…³é”®è¯? captcha
2025-04-25 22:31:23,099 - housing_scraper - WARNING - è·å–æˆ·å‹å›¾æ—¶è¯¦æƒ…é¡µéœ€è¦éªŒè¯ï¼Œè·³è¿‡: https://zz.ke.com/ershoufang/104116348418.html
2025-04-25 22:31:30,699 - housing_scraper - INFO - æ£€æµ‹åˆ°éªŒè¯å…³é”®è¯? captcha
2025-04-25 22:31:30,700 - housing_scraper - WARNING - è·å–æˆ·å‹å›¾æ—¶è¯¦æƒ…é¡µéœ€è¦éªŒè¯ï¼Œè·³è¿‡: https://zz.ke.com/ershoufang/104116348296.html
2025-04-25 22:31:37,778 - housing_scraper - INFO - æ£€æµ‹åˆ°éªŒè¯å…³é”®è¯? captcha
2025-04-25 22:31:37,779 - housing_scraper - WARNING - è·å–æˆ·å‹å›¾æ—¶è¯¦æƒ…é¡µéœ€è¦éªŒè¯ï¼Œè·³è¿‡: https://zz.ke.com/ershoufang/104116343201.html
2025-04-25 22:31:50,407 - housing_scraper - INFO - æ£€æµ‹åˆ°éªŒè¯å…³é”®è¯? captcha
2025-04-25 22:31:50,408 - housing_scraper - WARNING - è·å–æˆ·å‹å›¾æ—¶è¯¦æƒ…é¡µéœ€è¦éªŒè¯ï¼Œè·³è¿‡: https://zz.ke.com/ershoufang/104116341413.html
2025-04-25 22:32:04,138 - housing_scraper - INFO - æ£€æµ‹åˆ°éªŒè¯å…³é”®è¯? captcha
2025-04-25 22:32:04,139 - housing_scraper - WARNING - è·å–æˆ·å‹å›¾æ—¶è¯¦æƒ…é¡µéœ€è¦éªŒè¯ï¼Œè·³è¿‡: https://zz.ke.com/ershoufang/104116341148.html
2025-04-25 22:32:07,908 - housing_scraper - INFO - æ£€æµ‹åˆ°éªŒè¯å…³é”®è¯? captcha
2025-04-25 22:32:07,909 - housing_scraper - WARNING - è·å–æˆ·å‹å›¾æ—¶è¯¦æƒ…é¡µéœ€è¦éªŒè¯ï¼Œè·³è¿‡: https://zz.ke.com/ershoufang/goodhouse/
2025-04-25 22:32:12,453 - housing_scraper - INFO - æ£€æµ‹åˆ°éªŒè¯å…³é”®è¯? captcha
2025-04-25 22:32:12,453 - housing_scraper - WARNING - è·å–æˆ·å‹å›¾æ—¶è¯¦æƒ…é¡µéœ€è¦éªŒè¯ï¼Œè·³è¿‡: https://zz.ke.com/ershoufang/104116352986.html
2025-04-25 22:32:17,475 - housing_scraper - INFO - æ£€æµ‹åˆ°éªŒè¯å…³é”®è¯? captcha
2025-04-25 22:32:17,475 - housing_scraper - WARNING - è·å–æˆ·å‹å›¾æ—¶è¯¦æƒ…é¡µéœ€è¦éªŒè¯ï¼Œè·³è¿‡: https://zz.ke.com/ershoufang/104116352763.html
2025-04-25 22:32:22,324 - housing_scraper - INFO - æ£€æµ‹åˆ°éªŒè¯å…³é”®è¯? captcha
2025-04-25 22:32:22,325 - housing_scraper - WARNING - è·å–æˆ·å‹å›¾æ—¶è¯¦æƒ…é¡µéœ€è¦éªŒè¯ï¼Œè·³è¿‡: https://zz.ke.com/ershoufang/104116351968.html
2025-04-25 22:32:26,042 - housing_scraper - INFO - æ£€æµ‹åˆ°éªŒè¯å…³é”®è¯? captcha
2025-04-25 22:32:26,043 - housing_scraper - WARNING - è·å–æˆ·å‹å›¾æ—¶è¯¦æƒ…é¡µéœ€è¦éªŒè¯ï¼Œè·³è¿‡: https://zz.ke.com/ershoufang/104116351509.html
2025-04-25 22:32:36,469 - housing_scraper - INFO - æ£€æµ‹åˆ°éªŒè¯å…³é”®è¯? captcha
2025-04-25 22:32:36,470 - housing_scraper - WARNING - è·å–æˆ·å‹å›¾æ—¶è¯¦æƒ…é¡µéœ€è¦éªŒè¯ï¼Œè·³è¿‡: https://zz.ke.com/ershoufang/104116348318.html
2025-04-25 22:32:47,048 - housing_scraper - WARNING - è®¿é—®è¯¦æƒ…é¡µè·å–æˆ·å‹å›¾å¤±è´¥: HTTPSConnectionPool(host='zz.ke.com', port=443): Read timed out. (read timeout=10), URL: https://zz.ke.com/ershoufang/104116348038.html
2025-04-25 22:33:08,049 - housing_scraper - INFO - æ£€æµ‹åˆ°éªŒè¯å…³é”®è¯? captcha
2025-04-25 22:33:08,050 - housing_scraper - WARNING - è·å–æˆ·å‹å›¾æ—¶è¯¦æƒ…é¡µéœ€è¦éªŒè¯ï¼Œè·³è¿‡: https://zz.ke.com/ershoufang/104116347766.html
2025-04-25 22:33:22,678 - housing_scraper - INFO - æ£€æµ‹åˆ°éªŒè¯å…³é”®è¯? captcha
2025-04-25 22:33:22,679 - housing_scraper - WARNING - è·å–æˆ·å‹å›¾æ—¶è¯¦æƒ…é¡µéœ€è¦éªŒè¯ï¼Œè·³è¿‡: https://zz.ke.com/ershoufang/104116347695.html
2025-04-25 22:33:28,991 - housing_scraper - INFO - æ£€æµ‹åˆ°éªŒè¯å…³é”®è¯? captcha
2025-04-25 22:33:28,992 - housing_scraper - WARNING - è·å–æˆ·å‹å›¾æ—¶è¯¦æƒ…é¡µéœ€è¦éªŒè¯ï¼Œè·³è¿‡: https://zz.ke.com/ershoufang/104116347360.html
2025-04-25 22:33:34,288 - housing_scraper - INFO - æ£€æµ‹åˆ°éªŒè¯å…³é”®è¯? captcha
2025-04-25 22:33:34,289 - housing_scraper - WARNING - è·å–æˆ·å‹å›¾æ—¶è¯¦æƒ…é¡µéœ€è¦éªŒè¯ï¼Œè·³è¿‡: https://zz.ke.com/ershoufang/104116347310.html
2025-04-25 22:33:39,793 - housing_scraper - INFO - æ£€æµ‹åˆ°éªŒè¯å…³é”®è¯? captcha
2025-04-25 22:33:39,794 - housing_scraper - WARNING - è·å–æˆ·å‹å›¾æ—¶è¯¦æƒ…é¡µéœ€è¦éªŒè¯ï¼Œè·³è¿‡: https://zz.ke.com/ershoufang/104116346615.html
2025-04-25 22:33:50,400 - housing_scraper - WARNING - è®¿é—®è¯¦æƒ…é¡µè·å–æˆ·å‹å›¾å¤±è´¥: HTTPSConnectionPool(host='zz.ke.com', port=443): Read timed out. (read timeout=10), URL: https://zz.ke.com/ershoufang/104116344991.html
2025-04-25 22:34:00,981 - housing_scraper - WARNING - è®¿é—®è¯¦æƒ…é¡µè·å–æˆ·å‹å›¾å¤±è´¥: HTTPSConnectionPool(host='zz.ke.com', port=443): Read timed out. (read timeout=10), URL: https://zz.ke.com/ershoufang/104116344954.html
2025-04-25 22:34:11,955 - housing_scraper - INFO - æ£€æµ‹åˆ°éªŒè¯å…³é”®è¯? captcha
2025-04-25 22:34:11,956 - housing_scraper - WARNING - è·å–æˆ·å‹å›¾æ—¶è¯¦æƒ…é¡µéœ€è¦éªŒè¯ï¼Œè·³è¿‡: https://zz.ke.com/ershoufang/104116344833.html
2025-04-25 22:34:17,527 - housing_scraper - INFO - æ£€æµ‹åˆ°éªŒè¯å…³é”®è¯? captcha
2025-04-25 22:34:17,527 - housing_scraper - WARNING - è·å–æˆ·å‹å›¾æ—¶è¯¦æƒ…é¡µéœ€è¦éªŒè¯ï¼Œè·³è¿‡: https://zz.ke.com/ershoufang/104116344526.html
2025-04-25 22:34:22,269 - housing_scraper - INFO - æ£€æµ‹åˆ°éªŒè¯å…³é”®è¯? captcha
2025-04-25 22:34:22,270 - housing_scraper - WARNING - è·å–æˆ·å‹å›¾æ—¶è¯¦æƒ…é¡µéœ€è¦éªŒè¯ï¼Œè·³è¿‡: https://zz.ke.com/ershoufang/104116344034.html
2025-04-25 22:34:28,369 - housing_scraper - INFO - æ£€æµ‹åˆ°éªŒè¯å…³é”®è¯? captcha
2025-04-25 22:34:28,370 - housing_scraper - WARNING - è·å–æˆ·å‹å›¾æ—¶è¯¦æƒ…é¡µéœ€è¦éªŒè¯ï¼Œè·³è¿‡: https://zz.ke.com/ershoufang/104116343107.html
2025-04-25 22:34:33,869 - housing_scraper - INFO - æ£€æµ‹åˆ°éªŒè¯å…³é”®è¯? captcha
2025-04-25 22:34:33,870 - housing_scraper - WARNING - è·å–æˆ·å‹å›¾æ—¶è¯¦æƒ…é¡µéœ€è¦éªŒè¯ï¼Œè·³è¿‡: https://zz.ke.com/ershoufang/104116342708.html
2025-04-25 22:34:37,769 - housing_scraper - INFO - æ£€æµ‹åˆ°éªŒè¯å…³é”®è¯? captcha
2025-04-25 22:34:37,769 - housing_scraper - WARNING - è·å–æˆ·å‹å›¾æ—¶è¯¦æƒ…é¡µéœ€è¦éªŒè¯ï¼Œè·³è¿‡: https://zz.ke.com/ershoufang/104116342295.html
